========================================13/11/2022 09:59:51========================================
Step:0/5000 -- 0/0 ; Lr: 1.000E-04 ; Total Noad add / Ring / Node connect: 4.035E+00 / 6.763E-01 / 1.834E+00 Valid: 2.647E+00 / 4.225E-01 / 1.479E+00
Step:0/5000 -- 1/0 ; Lr: 1.000E-04 ; Total Noad add / Ring / Node connect: 3.777E+00 / 3.862E-01 / 1.364E+00 Valid: 3.073E+00 / 3.477E-01 / 1.286E+00
Step:0/5000 -- 2/0 ; Lr: 1.000E-04 ; Total Noad add / Ring / Node connect: 3.715E+00 / 3.383E-01 / 1.262E+00 Valid: 2.872E+00 / 3.113E-01 / 1.222E+00
Step:0/5000 -- 3/0 ; Lr: 1.000E-04 ; Total Noad add / Ring / Node connect: 3.606E+00 / 3.159E-01 / 1.210E+00 Valid: 3.474E+00 / 3.149E-01 / 1.208E+00
Step:0/5000 -- 4/0 ; Lr: 1.000E-04 ; Total Noad add / Ring / Node connect: 3.567E+00 / 3.075E-01 / 1.177E+00 Valid: 2.950E+00 / 3.005E-01 / 1.161E+00
Step:0/5000 -- 5/0 ; Lr: 1.000E-04 ; Total Noad add / Ring / Node connect: 3.529E+00 / 2.984E-01 / 1.147E+00 Valid: 2.887E+00 / 3.158E-01 / 1.131E+00
Step:0/5000 -- 6/0 ; Lr: 1.000E-04 ; Total Noad add / Ring / Node connect: 3.521E+00 / 2.892E-01 / 1.125E+00 Valid: 2.562E+00 / 2.837E-01 / 1.142E+00
Step:0/5000 -- 7/0 ; Lr: 1.000E-04 ; Total Noad add / Ring / Node connect: 3.459E+00 / 2.833E-01 / 1.104E+00 Valid: 2.714E+00 / 2.853E-01 / 1.100E+00
Step:0/5000 -- 8/0 ; Lr: 1.000E-04 ; Total Noad add / Ring / Node connect: 3.455E+00 / 2.780E-01 / 1.085E+00 Valid: 2.850E+00 / 2.783E-01 / 1.085E+00
Step:0/5000 -- 9/0 ; Lr: 1.000E-04 ; Total Noad add / Ring / Node connect: 3.425E+00 / 2.729E-01 / 1.078E+00 Valid: 2.767E+00 / 2.701E-01 / 1.110E+00
Step:0/5000 -- 10/0 ; Lr: 1.000E-04 ; Total Noad add / Ring / Node connect: 3.393E+00 / 2.656E-01 / 1.059E+00 Valid: 2.818E+00 / 2.622E-01 / 1.076E+00
Step:0/5000 -- 11/0 ; Lr: 1.000E-04 ; Total Noad add / Ring / Node connect: 3.383E+00 / 2.626E-01 / 1.043E+00 Valid: 2.604E+00 / 2.738E-01 / 1.064E+00
Step:0/5000 -- 12/0 ; Lr: 1.000E-04 ; Total Noad add / Ring / Node connect: 3.346E+00 / 2.616E-01 / 1.036E+00 Valid: 3.185E+00 / 2.603E-01 / 1.026E+00
Step:0/5000 -- 13/0 ; Lr: 1.000E-04 ; Total Noad add / Ring / Node connect: 3.352E+00 / 2.573E-01 / 1.017E+00 Valid: 2.772E+00 / 2.428E-01 / 1.031E+00
Step:0/5000 -- 14/0 ; Lr: 1.000E-04 ; Total Noad add / Ring / Node connect: 3.308E+00 / 2.537E-01 / 1.002E+00 Valid: 2.724E+00 / 2.363E-01 / 1.005E+00
Step:0/5000 -- 15/0 ; Lr: 1.000E-04 ; Total Noad add / Ring / Node connect: 3.324E+00 / 2.519E-01 / 1.007E+00 Valid: 3.009E+00 / 2.616E-01 / 9.928E-01
Step:0/5000 -- 16/0 ; Lr: 1.000E-04 ; Total Noad add / Ring / Node connect: 3.317E+00 / 2.511E-01 / 9.982E-01 Valid: 2.744E+00 / 2.502E-01 / 9.687E-01
Step:0/5000 -- 17/0 ; Lr: 1.000E-04 ; Total Noad add / Ring / Node connect: 3.320E+00 / 2.486E-01 / 9.887E-01 Valid: 2.670E+00 / 2.540E-01 / 9.989E-01
Step:0/5000 -- 18/0 ; Lr: 1.000E-04 ; Total Noad add / Ring / Node connect: 3.280E+00 / 2.463E-01 / 9.814E-01 Valid: 2.848E+00 / 2.359E-01 / 9.651E-01
Step:0/5000 -- 19/0 ; Lr: 1.000E-04 ; Total Noad add / Ring / Node connect: 3.280E+00 / 2.446E-01 / 9.782E-01 Valid: 2.787E+00 / 2.279E-01 / 9.714E-01
Step:0/5000 -- 20/0 ; Lr: 1.000E-04 ; Total Noad add / Ring / Node connect: 3.285E+00 / 2.410E-01 / 9.603E-01 Valid: 2.830E+00 / 2.462E-01 / 9.431E-01
Step:0/5000 -- 21/0 ; Lr: 1.000E-04 ; Total Noad add / Ring / Node connect: 3.266E+00 / 2.410E-01 / 9.587E-01 Valid: 2.828E+00 / 2.386E-01 / 9.609E-01
Step:0/5000 -- 22/0 ; Lr: 1.000E-04 ; Total Noad add / Ring / Node connect: 3.245E+00 / 2.382E-01 / 9.498E-01 Valid: 2.678E+00 / 2.493E-01 / 9.632E-01
Step:0/5000 -- 23/0 ; Lr: 1.000E-04 ; Total Noad add / Ring / Node connect: 3.218E+00 / 2.374E-01 / 9.452E-01 Valid: 2.616E+00 / 2.475E-01 / 9.469E-01
Step:0/5000 -- 24/0 ; Lr: 1.000E-04 ; Total Noad add / Ring / Node connect: 3.267E+00 / 2.357E-01 / 9.393E-01 Valid: 2.794E+00 / 2.293E-01 / 9.330E-01
Step:0/5000 -- 25/0 ; Lr: 1.000E-04 ; Total Noad add / Ring / Node connect: 3.247E+00 / 2.355E-01 / 9.391E-01 Valid: 2.763E+00 / 2.386E-01 / 9.440E-01
Step:0/5000 -- 26/0 ; Lr: 1.000E-04 ; Total Noad add / Ring / Node connect: 3.230E+00 / 2.372E-01 / 9.319E-01 Valid: 2.557E+00 / 2.287E-01 / 9.413E-01
Step:0/5000 -- 27/0 ; Lr: 1.000E-04 ; Total Noad add / Ring / Node connect: 3.238E+00 / 2.343E-01 / 9.272E-01 Valid: 2.690E+00 / 2.314E-01 / 9.131E-01
Step:0/5000 -- 28/0 ; Lr: 1.000E-04 ; Total Noad add / Ring / Node connect: 3.188E+00 / 2.327E-01 / 9.287E-01 Valid: 2.496E+00 / 2.368E-01 / 8.999E-01
Step:0/5000 -- 29/0 ; Lr: 1.000E-04 ; Total Noad add / Ring / Node connect: 3.222E+00 / 2.307E-01 / 9.264E-01 Valid: 2.611E+00 / 2.284E-01 / 9.315E-01
Step:0/5000 -- 30/0 ; Lr: 1.000E-04 ; Total Noad add / Ring / Node connect: 3.226E+00 / 2.339E-01 / 9.234E-01 Valid: 2.754E+00 / 2.272E-01 / 9.179E-01
Step:0/5000 -- 31/0 ; Lr: 1.000E-04 ; Total Noad add / Ring / Node connect: 3.240E+00 / 2.291E-01 / 9.135E-01 Valid: 2.682E+00 / 2.361E-01 / 9.176E-01
Step:0/5000 -- 32/0 ; Lr: 1.000E-04 ; Total Noad add / Ring / Node connect: 3.211E+00 / 2.283E-01 / 9.104E-01 Valid: 2.637E+00 / 2.259E-01 / 8.974E-01
Step:0/5000 -- 33/0 ; Lr: 1.000E-04 ; Total Noad add / Ring / Node connect: 3.202E+00 / 2.279E-01 / 9.083E-01 Valid: 2.646E+00 / 2.218E-01 / 9.084E-01
Step:0/5000 -- 34/0 ; Lr: 1.000E-04 ; Total Noad add / Ring / Node connect: 3.192E+00 / 2.277E-01 / 9.084E-01 Valid: 2.596E+00 / 2.186E-01 / 8.987E-01
Step:0/5000 -- 35/0 ; Lr: 1.000E-04 ; Total Noad add / Ring / Node connect: 3.215E+00 / 2.267E-01 / 9.004E-01 Valid: 2.569E+00 / 2.245E-01 / 9.185E-01
Step:0/5000 -- 36/0 ; Lr: 1.000E-04 ; Total Noad add / Ring / Node connect: 3.182E+00 / 2.270E-01 / 9.023E-01 Valid: 2.660E+00 / 2.238E-01 / 8.694E-01
Step:0/5000 -- 37/0 ; Lr: 1.000E-04 ; Total Noad add / Ring / Node connect: 3.185E+00 / 2.225E-01 / 8.947E-01 Valid: 2.742E+00 / 2.164E-01 / 8.925E-01
Step:0/5000 -- 38/0 ; Lr: 1.000E-04 ; Total Noad add / Ring / Node connect: 3.196E+00 / 2.249E-01 / 8.931E-01 Valid: 2.539E+00 / 2.247E-01 / 8.944E-01
Step:0/5000 -- 39/0 ; Lr: 1.000E-04 ; Total Noad add / Ring / Node connect: 3.180E+00 / 2.217E-01 / 8.849E-01 Valid: 2.509E+00 / 2.241E-01 / 9.003E-01
Step:0/5000 -- 40/0 ; Lr: 1.000E-04 ; Total Noad add / Ring / Node connect: 3.164E+00 / 2.230E-01 / 8.823E-01 Valid: 2.609E+00 / 2.139E-01 / 8.821E-01
Step:0/5000 -- 41/0 ; Lr: 1.000E-04 ; Total Noad add / Ring / Node connect: 3.112E+00 / 2.222E-01 / 8.826E-01 Valid: 2.550E+00 / 2.129E-01 / 8.809E-01
Step:0/5000 -- 42/0 ; Lr: 1.000E-04 ; Total Noad add / Ring / Node connect: 3.148E+00 / 2.207E-01 / 8.847E-01 Valid: 2.642E+00 / 2.129E-01 / 8.842E-01
Step:0/5000 -- 43/0 ; Lr: 1.000E-04 ; Total Noad add / Ring / Node connect: 3.108E+00 / 2.196E-01 / 8.811E-01 Valid: 2.810E+00 / 2.323E-01 / 8.871E-01
Step:0/5000 -- 44/0 ; Lr: 1.000E-04 ; Total Noad add / Ring / Node connect: 3.128E+00 / 2.242E-01 / 8.768E-01 Valid: 2.613E+00 / 2.182E-01 / 8.662E-01
Step:0/5000 -- 45/0 ; Lr: 1.000E-04 ; Total Noad add / Ring / Node connect: 3.137E+00 / 2.201E-01 / 8.789E-01 Valid: 2.532E+00 / 2.198E-01 / 8.621E-01
Step:0/5000 -- 46/0 ; Lr: 1.000E-04 ; Total Noad add / Ring / Node connect: 3.106E+00 / 2.185E-01 / 8.727E-01 Valid: 2.576E+00 / 2.158E-01 / 8.736E-01
Step:0/5000 -- 47/0 ; Lr: 1.000E-04 ; Total Noad add / Ring / Node connect: 3.117E+00 / 2.166E-01 / 8.691E-01 Valid: 2.578E+00 / 2.179E-01 / 8.782E-01
Step:0/5000 -- 48/0 ; Lr: 1.000E-04 ; Total Noad add / Ring / Node connect: 3.136E+00 / 2.188E-01 / 8.723E-01 Valid: 2.609E+00 / 2.094E-01 / 8.583E-01
Step:0/5000 -- 49/0 ; Lr: 1.000E-04 ; Total Noad add / Ring / Node connect: 3.124E+00 / 2.148E-01 / 8.618E-01 Valid: 2.638E+00 / 2.067E-01 / 8.627E-01
Step:0/5000 -- 50/0 ; Lr: 1.000E-04 ; Total Noad add / Ring / Node connect: 3.092E+00 / 2.174E-01 / 8.659E-01 Valid: 2.653E+00 / 2.242E-01 / 8.689E-01
Step:0/5000 -- 51/0 ; Lr: 1.000E-04 ; Total Noad add / Ring / Node connect: 3.087E+00 / 2.176E-01 / 8.645E-01 Valid: 2.481E+00 / 2.070E-01 / 8.399E-01
Step:0/5000 -- 52/0 ; Lr: 1.000E-04 ; Total Noad add / Ring / Node connect: 3.086E+00 / 2.133E-01 / 8.643E-01 Valid: 2.494E+00 / 2.113E-01 / 8.593E-01
Step:0/5000 -- 53/0 ; Lr: 1.000E-04 ; Total Noad add / Ring / Node connect: 3.098E+00 / 2.143E-01 / 8.532E-01 Valid: 2.591E+00 / 2.265E-01 / 8.609E-01
Step:0/5000 -- 54/0 ; Lr: 1.000E-04 ; Total Noad add / Ring / Node connect: 3.154E+00 / 2.208E-01 / 8.599E-01 Valid: 2.698E+00 / 2.244E-01 / 8.121E-01
Step:1/5000 -- 0/0 ; Lr: 1.000E-04 ; Total Noad add / Ring / Node connect: 3.082E+00 / 2.120E-01 / 8.503E-01 Valid: 2.519E+00 / 2.158E-01 / 8.714E-01
Step:1/5000 -- 1/0 ; Lr: 1.000E-04 ; Total Noad add / Ring / Node connect: 3.082E+00 / 2.154E-01 / 8.484E-01 Valid: 2.524E+00 / 2.066E-01 / 8.389E-01
Step:1/5000 -- 2/0 ; Lr: 1.000E-04 ; Total Noad add / Ring / Node connect: 3.096E+00 / 2.148E-01 / 8.514E-01 Valid: 2.536E+00 / 2.062E-01 / 8.342E-01
Step:1/5000 -- 3/0 ; Lr: 1.000E-04 ; Total Noad add / Ring / Node connect: 3.064E+00 / 2.132E-01 / 8.461E-01 Valid: 2.677E+00 / 2.183E-01 / 8.539E-01
Step:1/5000 -- 4/0 ; Lr: 1.000E-04 ; Total Noad add / Ring / Node connect: 3.076E+00 / 2.134E-01 / 8.469E-01 Valid: 2.629E+00 / 2.066E-01 / 8.425E-01
Step:1/5000 -- 5/0 ; Lr: 1.000E-04 ; Total Noad add / Ring / Node connect: 3.117E+00 / 2.140E-01 / 8.436E-01 Valid: 2.647E+00 / 2.220E-01 / 8.391E-01
Step:1/5000 -- 6/0 ; Lr: 1.000E-04 ; Total Noad add / Ring / Node connect: 3.109E+00 / 2.112E-01 / 8.468E-01 Valid: 2.455E+00 / 2.120E-01 / 8.563E-01
Step:1/5000 -- 7/0 ; Lr: 1.000E-04 ; Total Noad add / Ring / Node connect: 3.078E+00 / 2.139E-01 / 8.438E-01 Valid: 2.549E+00 / 2.256E-01 / 8.504E-01
Step:1/5000 -- 8/0 ; Lr: 1.000E-04 ; Total Noad add / Ring / Node connect: 3.058E+00 / 2.121E-01 / 8.412E-01 Valid: 2.638E+00 / 2.153E-01 / 8.381E-01
Step:1/5000 -- 9/0 ; Lr: 1.000E-04 ; Total Noad add / Ring / Node connect: 3.075E+00 / 2.125E-01 / 8.424E-01 Valid: 2.579E+00 / 2.201E-01 / 8.538E-01
Step:1/5000 -- 10/0 ; Lr: 1.000E-04 ; Total Noad add / Ring / Node connect: 3.064E+00 / 2.105E-01 / 8.427E-01 Valid: 2.515E+00 / 2.171E-01 / 8.516E-01
Step:1/5000 -- 11/0 ; Lr: 1.000E-04 ; Total Noad add / Ring / Node connect: 3.054E+00 / 2.099E-01 / 8.290E-01 Valid: 2.677E+00 / 2.140E-01 / 8.423E-01
Step:1/5000 -- 12/0 ; Lr: 1.000E-04 ; Total Noad add / Ring / Node connect: 3.038E+00 / 2.100E-01 / 8.353E-01 Valid: 2.588E+00 / 2.204E-01 / 8.514E-01
Step:1/5000 -- 13/0 ; Lr: 1.000E-04 ; Total Noad add / Ring / Node connect: 3.078E+00 / 2.094E-01 / 8.278E-01 Valid: 2.489E+00 / 2.008E-01 / 8.231E-01
Step:1/5000 -- 14/0 ; Lr: 1.000E-04 ; Total Noad add / Ring / Node connect: 3.025E+00 / 2.097E-01 / 8.261E-01 Valid: 2.484E+00 / 2.054E-01 / 8.266E-01
Step:1/5000 -- 15/0 ; Lr: 1.000E-04 ; Total Noad add / Ring / Node connect: 3.077E+00 / 2.086E-01 / 8.317E-01 Valid: 2.638E+00 / 2.147E-01 / 8.582E-01
Step:1/5000 -- 16/0 ; Lr: 1.000E-04 ; Total Noad add / Ring / Node connect: 3.069E+00 / 2.088E-01 / 8.284E-01 Valid: 2.669E+00 / 2.073E-01 / 8.481E-01
Step:1/5000 -- 17/0 ; Lr: 1.000E-04 ; Total Noad add / Ring / Node connect: 3.045E+00 / 2.088E-01 / 8.233E-01 Valid: 2.500E+00 / 2.109E-01 / 8.194E-01
Step:1/5000 -- 18/0 ; Lr: 1.000E-04 ; Total Noad add / Ring / Node connect: 3.036E+00 / 2.082E-01 / 8.241E-01 Valid: 2.567E+00 / 1.961E-01 / 8.174E-01
Step:1/5000 -- 19/0 ; Lr: 1.000E-04 ; Total Noad add / Ring / Node connect: 3.035E+00 / 2.079E-01 / 8.296E-01 Valid: 2.570E+00 / 1.927E-01 / 8.102E-01
Step:1/5000 -- 20/0 ; Lr: 1.000E-04 ; Total Noad add / Ring / Node connect: 3.048E+00 / 2.078E-01 / 8.162E-01 Valid: 2.564E+00 / 2.096E-01 / 7.979E-01
Step:1/5000 -- 21/0 ; Lr: 1.000E-04 ; Total Noad add / Ring / Node connect: 3.051E+00 / 2.071E-01 / 8.103E-01 Valid: 2.685E+00 / 2.073E-01 / 8.178E-01
Step:1/5000 -- 22/0 ; Lr: 1.000E-04 ; Total Noad add / Ring / Node connect: 3.022E+00 / 2.064E-01 / 8.128E-01 Valid: 2.609E+00 / 2.071E-01 / 8.338E-01
Step:1/5000 -- 23/0 ; Lr: 1.000E-04 ; Total Noad add / Ring / Node connect: 3.003E+00 / 2.069E-01 / 8.145E-01 Valid: 2.663E+00 / 2.149E-01 / 8.086E-01
Step:1/5000 -- 24/0 ; Lr: 1.000E-04 ; Total Noad add / Ring / Node connect: 3.044E+00 / 2.048E-01 / 8.095E-01 Valid: 2.559E+00 / 2.098E-01 / 8.212E-01
Step:1/5000 -- 25/0 ; Lr: 1.000E-04 ; Total Noad add / Ring / Node connect: 3.063E+00 / 2.046E-01 / 8.184E-01 Valid: 2.629E+00 / 2.024E-01 / 8.159E-01
Step:1/5000 -- 26/0 ; Lr: 1.000E-04 ; Total Noad add / Ring / Node connect: 3.026E+00 / 2.071E-01 / 8.077E-01 Valid: 2.492E+00 / 1.997E-01 / 7.951E-01
Step:1/5000 -- 27/0 ; Lr: 1.000E-04 ; Total Noad add / Ring / Node connect: 3.025E+00 / 2.061E-01 / 8.096E-01 Valid: 2.491E+00 / 2.005E-01 / 7.850E-01
Step:1/5000 -- 28/0 ; Lr: 1.000E-04 ; Total Noad add / Ring / Node connect: 3.000E+00 / 2.054E-01 / 8.100E-01 Valid: 2.431E+00 / 2.138E-01 / 7.998E-01
Step:1/5000 -- 29/0 ; Lr: 1.000E-04 ; Total Noad add / Ring / Node connect: 3.011E+00 / 2.047E-01 / 8.112E-01 Valid: 2.433E+00 / 2.024E-01 / 8.188E-01
Step:1/5000 -- 30/0 ; Lr: 1.000E-04 ; Total Noad add / Ring / Node connect: 3.049E+00 / 2.076E-01 / 8.124E-01 Valid: 2.446E+00 / 2.056E-01 / 7.973E-01
Step:1/5000 -- 31/0 ; Lr: 1.000E-04 ; Total Noad add / Ring / Node connect: 3.051E+00 / 2.043E-01 / 8.081E-01 Valid: 2.521E+00 / 2.058E-01 / 8.024E-01
Step:1/5000 -- 32/0 ; Lr: 1.000E-04 ; Total Noad add / Ring / Node connect: 3.004E+00 / 2.045E-01 / 8.044E-01 Valid: 2.482E+00 / 2.028E-01 / 7.803E-01
Step:1/5000 -- 33/0 ; Lr: 1.000E-04 ; Total Noad add / Ring / Node connect: 3.044E+00 / 2.037E-01 / 8.051E-01 Valid: 2.436E+00 / 1.992E-01 / 8.113E-01
Step:1/5000 -- 34/0 ; Lr: 1.000E-04 ; Total Noad add / Ring / Node connect: 3.013E+00 / 2.047E-01 / 8.033E-01 Valid: 2.347E+00 / 1.963E-01 / 8.196E-01
Step:1/5000 -- 35/0 ; Lr: 1.000E-04 ; Total Noad add / Ring / Node connect: 2.993E+00 / 2.032E-01 / 8.008E-01 Valid: 2.556E+00 / 2.023E-01 / 8.181E-01
Step:1/5000 -- 36/0 ; Lr: 1.000E-04 ; Total Noad add / Ring / Node connect: 3.005E+00 / 2.047E-01 / 8.029E-01 Valid: 2.512E+00 / 2.027E-01 / 7.922E-01
Step:1/5000 -- 37/0 ; Lr: 1.000E-04 ; Total Noad add / Ring / Node connect: 3.046E+00 / 2.007E-01 / 8.046E-01 Valid: 2.455E+00 / 1.972E-01 / 8.100E-01
Step:1/5000 -- 38/0 ; Lr: 1.000E-04 ; Total Noad add / Ring / Node connect: 3.013E+00 / 2.041E-01 / 7.984E-01 Valid: 2.486E+00 / 2.012E-01 / 7.843E-01
Step:1/5000 -- 39/0 ; Lr: 1.000E-04 ; Total Noad add / Ring / Node connect: 3.017E+00 / 2.014E-01 / 7.938E-01 Valid: 2.419E+00 / 2.145E-01 / 8.022E-01
Step:1/5000 -- 40/0 ; Lr: 1.000E-04 ; Total Noad add / Ring / Node connect: 3.008E+00 / 2.028E-01 / 7.948E-01 Valid: 2.688E+00 / 2.011E-01 / 7.957E-01
Step:1/5000 -- 41/0 ; Lr: 1.000E-04 ; Total Noad add / Ring / Node connect: 3.000E+00 / 2.021E-01 / 7.950E-01 Valid: 2.506E+00 / 1.968E-01 / 7.837E-01
Step:1/5000 -- 42/0 ; Lr: 1.000E-04 ; Total Noad add / Ring / Node connect: 2.986E+00 / 2.005E-01 / 7.968E-01 Valid: 2.480E+00 / 1.992E-01 / 7.975E-01
Step:1/5000 -- 43/0 ; Lr: 1.000E-04 ; Total Noad add / Ring / Node connect: 2.977E+00 / 2.008E-01 / 7.953E-01 Valid: 2.660E+00 / 2.076E-01 / 8.049E-01
Step:1/5000 -- 44/0 ; Lr: 1.000E-04 ; Total Noad add / Ring / Node connect: 2.960E+00 / 2.036E-01 / 7.919E-01 Valid: 2.632E+00 / 2.029E-01 / 7.962E-01
Step:1/5000 -- 45/0 ; Lr: 1.000E-04 ; Total Noad add / Ring / Node connect: 2.968E+00 / 2.019E-01 / 7.960E-01 Valid: 2.502E+00 / 1.977E-01 / 7.793E-01
Step:1/5000 -- 46/0 ; Lr: 1.000E-04 ; Total Noad add / Ring / Node connect: 2.991E+00 / 2.007E-01 / 7.942E-01 Valid: 2.488E+00 / 2.016E-01 / 8.026E-01
Step:1/5000 -- 47/0 ; Lr: 1.000E-04 ; Total Noad add / Ring / Node connect: 2.971E+00 / 2.001E-01 / 7.935E-01 Valid: 2.407E+00 / 2.031E-01 / 7.743E-01
Step:1/5000 -- 48/0 ; Lr: 1.000E-04 ; Total Noad add / Ring / Node connect: 2.997E+00 / 2.019E-01 / 7.920E-01 Valid: 2.533E+00 / 1.926E-01 / 7.881E-01
Step:1/5000 -- 49/0 ; Lr: 1.000E-04 ; Total Noad add / Ring / Node connect: 3.006E+00 / 1.993E-01 / 7.878E-01 Valid: 2.442E+00 / 1.930E-01 / 7.914E-01
Step:1/5000 -- 50/0 ; Lr: 1.000E-04 ; Total Noad add / Ring / Node connect: 2.944E+00 / 2.001E-01 / 7.946E-01 Valid: 2.445E+00 / 2.066E-01 / 8.080E-01
Step:1/5000 -- 51/0 ; Lr: 1.000E-04 ; Total Noad add / Ring / Node connect: 2.942E+00 / 2.031E-01 / 7.931E-01 Valid: 2.355E+00 / 1.877E-01 / 7.853E-01
Step:1/5000 -- 52/0 ; Lr: 1.000E-04 ; Total Noad add / Ring / Node connect: 2.982E+00 / 1.986E-01 / 7.873E-01 Valid: 2.374E+00 / 1.963E-01 / 7.814E-01
Step:1/5000 -- 53/0 ; Lr: 1.000E-04 ; Total Noad add / Ring / Node connect: 2.958E+00 / 1.988E-01 / 7.826E-01 Valid: 2.416E+00 / 2.021E-01 / 8.002E-01
Step:1/5000 -- 54/0 ; Lr: 1.000E-04 ; Total Noad add / Ring / Node connect: 3.045E+00 / 2.056E-01 / 7.938E-01 Valid: 2.610E+00 / 1.937E-01 / 7.545E-01
Step:2/5000 -- 0/0 ; Lr: 1.000E-04 ; Total Noad add / Ring / Node connect: 2.980E+00 / 1.984E-01 / 7.795E-01 Valid: 2.429E+00 / 1.970E-01 / 8.231E-01
Step:2/5000 -- 1/0 ; Lr: 1.000E-04 ; Total Noad add / Ring / Node connect: 2.965E+00 / 1.995E-01 / 7.801E-01 Valid: 2.391E+00 / 1.964E-01 / 7.706E-01
Step:2/5000 -- 2/0 ; Lr: 1.000E-04 ; Total Noad add / Ring / Node connect: 2.982E+00 / 1.999E-01 / 7.855E-01 Valid: 2.435E+00 / 1.955E-01 / 7.911E-01
Step:2/5000 -- 3/0 ; Lr: 1.000E-04 ; Total Noad add / Ring / Node connect: 2.978E+00 / 1.978E-01 / 7.813E-01 Valid: 2.481E+00 / 2.037E-01 / 7.946E-01
Step:2/5000 -- 4/0 ; Lr: 1.000E-04 ; Total Noad add / Ring / Node connect: 2.959E+00 / 1.986E-01 / 7.863E-01 Valid: 2.564E+00 / 1.929E-01 / 7.856E-01
Step:2/5000 -- 5/0 ; Lr: 1.000E-04 ; Total Noad add / Ring / Node connect: 2.992E+00 / 1.997E-01 / 7.804E-01 Valid: 2.463E+00 / 2.069E-01 / 7.891E-01
Step:2/5000 -- 6/0 ; Lr: 1.000E-04 ; Total Noad add / Ring / Node connect: 3.020E+00 / 1.974E-01 / 7.774E-01 Valid: 2.438E+00 / 2.007E-01 / 7.920E-01
Step:2/5000 -- 7/0 ; Lr: 1.000E-04 ; Total Noad add / Ring / Node connect: 2.983E+00 / 2.001E-01 / 7.775E-01 Valid: 2.399E+00 / 2.001E-01 / 7.926E-01
Step:2/5000 -- 8/0 ; Lr: 1.000E-04 ; Total Noad add / Ring / Node connect: 3.010E+00 / 1.984E-01 / 7.755E-01 Valid: 2.493E+00 / 2.049E-01 / 7.597E-01
Step:2/5000 -- 9/0 ; Lr: 1.000E-04 ; Total Noad add / Ring / Node connect: 3.008E+00 / 1.994E-01 / 7.827E-01 Valid: 2.456E+00 / 2.007E-01 / 7.986E-01
Step:2/5000 -- 10/0 ; Lr: 1.000E-04 ; Total Noad add / Ring / Node connect: 2.963E+00 / 1.968E-01 / 7.791E-01 Valid: 2.405E+00 / 2.062E-01 / 8.117E-01
Step:2/5000 -- 11/0 ; Lr: 1.000E-04 ; Total Noad add / Ring / Node connect: 2.964E+00 / 1.960E-01 / 7.727E-01 Valid: 2.429E+00 / 2.032E-01 / 7.981E-01
Step:2/5000 -- 12/0 ; Lr: 1.000E-04 ; Total Noad add / Ring / Node connect: 2.956E+00 / 1.972E-01 / 7.761E-01 Valid: 2.514E+00 / 2.071E-01 / 7.913E-01
Step:2/5000 -- 13/0 ; Lr: 1.000E-04 ; Total Noad add / Ring / Node connect: 2.963E+00 / 1.970E-01 / 7.699E-01 Valid: 2.352E+00 / 1.885E-01 / 7.761E-01
Step:2/5000 -- 14/0 ; Lr: 1.000E-04 ; Total Noad add / Ring / Node connect: 2.934E+00 / 1.961E-01 / 7.685E-01 Valid: 2.390E+00 / 1.910E-01 / 7.867E-01
Step:2/5000 -- 15/0 ; Lr: 1.000E-04 ; Total Noad add / Ring / Node connect: 2.965E+00 / 1.963E-01 / 7.775E-01 Valid: 2.520E+00 / 1.996E-01 / 7.833E-01
Step:2/5000 -- 16/0 ; Lr: 1.000E-04 ; Total Noad add / Ring / Node connect: 2.963E+00 / 1.972E-01 / 7.748E-01 Valid: 2.389E+00 / 1.937E-01 / 7.668E-01
Step:2/5000 -- 17/0 ; Lr: 1.000E-04 ; Total Noad add / Ring / Node connect: 2.951E+00 / 1.960E-01 / 7.712E-01 Valid: 2.461E+00 / 1.991E-01 / 7.780E-01
Step:2/5000 -- 18/0 ; Lr: 1.000E-04 ; Total Noad add / Ring / Node connect: 2.964E+00 / 1.980E-01 / 7.722E-01 Valid: 2.519E+00 / 1.879E-01 / 7.510E-01
Step:2/5000 -- 19/0 ; Lr: 1.000E-04 ; Total Noad add / Ring / Node connect: 2.941E+00 / 1.969E-01 / 7.778E-01 Valid: 2.457E+00 / 1.830E-01 / 7.453E-01
Step:2/5000 -- 20/0 ; Lr: 1.000E-04 ; Total Noad add / Ring / Node connect: 2.992E+00 / 1.965E-01 / 7.652E-01 Valid: 2.618E+00 / 1.938E-01 / 7.534E-01
Step:2/5000 -- 21/0 ; Lr: 1.000E-04 ; Total Noad add / Ring / Node connect: 2.938E+00 / 1.955E-01 / 7.642E-01 Valid: 2.478E+00 / 1.975E-01 / 7.719E-01
Step:2/5000 -- 22/0 ; Lr: 1.000E-04 ; Total Noad add / Ring / Node connect: 2.923E+00 / 1.960E-01 / 7.634E-01 Valid: 2.557E+00 / 1.959E-01 / 7.859E-01
Step:2/5000 -- 23/0 ; Lr: 1.000E-04 ; Total Noad add / Ring / Node connect: 2.985E+00 / 1.955E-01 / 7.624E-01 Valid: 2.461E+00 / 2.018E-01 / 7.668E-01
Step:2/5000 -- 24/0 ; Lr: 1.000E-04 ; Total Noad add / Ring / Node connect: 2.960E+00 / 1.937E-01 / 7.614E-01 Valid: 2.374E+00 / 1.976E-01 / 7.518E-01
Step:2/5000 -- 25/0 ; Lr: 1.000E-04 ; Total Noad add / Ring / Node connect: 2.951E+00 / 1.952E-01 / 7.609E-01 Valid: 2.382E+00 / 1.909E-01 / 7.723E-01
Step:2/5000 -- 26/0 ; Lr: 1.000E-04 ; Total Noad add / Ring / Node connect: 2.916E+00 / 1.972E-01 / 7.639E-01 Valid: 2.412E+00 / 1.869E-01 / 7.517E-01
Step:2/5000 -- 27/0 ; Lr: 1.000E-04 ; Total Noad add / Ring / Node connect: 2.971E+00 / 1.951E-01 / 7.642E-01 Valid: 2.402E+00 / 1.953E-01 / 7.282E-01
Step:2/5000 -- 28/0 ; Lr: 1.000E-04 ; Total Noad add / Ring / Node connect: 2.929E+00 / 1.945E-01 / 7.636E-01 Valid: 2.403E+00 / 2.030E-01 / 7.457E-01
Step:2/5000 -- 29/0 ; Lr: 1.000E-04 ; Total Noad add / Ring / Node connect: 2.918E+00 / 1.945E-01 / 7.625E-01 Valid: 2.386E+00 / 1.980E-01 / 7.691E-01
Step:2/5000 -- 30/0 ; Lr: 1.000E-04 ; Total Noad add / Ring / Node connect: 2.990E+00 / 1.972E-01 / 7.626E-01 Valid: 2.470E+00 / 1.997E-01 / 7.605E-01
Step:2/5000 -- 31/0 ; Lr: 1.000E-04 ; Total Noad add / Ring / Node connect: 2.955E+00 / 1.940E-01 / 7.599E-01 Valid: 2.341E+00 / 1.986E-01 / 7.558E-01
Step:2/5000 -- 32/0 ; Lr: 1.000E-04 ; Total Noad add / Ring / Node connect: 2.937E+00 / 1.940E-01 / 7.610E-01 Valid: 2.471E+00 / 1.979E-01 / 7.484E-01
Step:2/5000 -- 33/0 ; Lr: 1.000E-04 ; Total Noad add / Ring / Node connect: 2.932E+00 / 1.950E-01 / 7.570E-01 Valid: 2.356E+00 / 1.854E-01 / 7.690E-01
Step:2/5000 -- 34/0 ; Lr: 1.000E-04 ; Total Noad add / Ring / Node connect: 2.943E+00 / 1.948E-01 / 7.634E-01 Valid: 2.377E+00 / 1.847E-01 / 7.833E-01
Step:2/5000 -- 35/0 ; Lr: 1.000E-04 ; Total Noad add / Ring / Node connect: 4.020E+00 / 1.935E-01 / 7.602E-01 Valid: 2.473E+00 / 1.951E-01 / 7.824E-01
Step:2/5000 -- 36/0 ; Lr: 1.000E-04 ; Total Noad add / Ring / Node connect: 2.962E+00 / 1.955E-01 / 7.654E-01 Valid: 2.548E+00 / 1.929E-01 / 7.529E-01
Step:2/5000 -- 37/0 ; Lr: 1.000E-04 ; Total Noad add / Ring / Node connect: 2.948E+00 / 1.918E-01 / 7.549E-01 Valid: 2.372E+00 / 1.877E-01 / 7.499E-01
Step:2/5000 -- 38/0 ; Lr: 1.000E-04 ; Total Noad add / Ring / Node connect: 2.936E+00 / 1.949E-01 / 7.594E-01 Valid: 2.388E+00 / 1.935E-01 / 7.563E-01
Step:2/5000 -- 39/0 ; Lr: 1.000E-04 ; Total Noad add / Ring / Node connect: 2.940E+00 / 1.912E-01 / 7.520E-01 Valid: 2.359E+00 / 1.988E-01 / 7.610E-01
Step:2/5000 -- 40/0 ; Lr: 1.000E-04 ; Total Noad add / Ring / Node connect: 2.924E+00 / 1.941E-01 / 7.516E-01 Valid: 2.443E+00 / 1.889E-01 / 7.342E-01
Step:2/5000 -- 41/0 ; Lr: 1.000E-04 ; Total Noad add / Ring / Node connect: 2.886E+00 / 1.937E-01 / 7.539E-01 Valid: 2.496E+00 / 1.907E-01 / 7.629E-01
Step:2/5000 -- 42/0 ; Lr: 1.000E-04 ; Total Noad add / Ring / Node connect: 2.910E+00 / 1.930E-01 / 7.580E-01 Valid: 2.444E+00 / 1.896E-01 / 7.652E-01
Step:2/5000 -- 43/0 ; Lr: 1.000E-04 ; Total Noad add / Ring / Node connect: 3.185E+00 / 1.926E-01 / 7.577E-01 Valid: 2.550E+00 / 1.962E-01 / 7.789E-01
Step:2/5000 -- 44/0 ; Lr: 1.000E-04 ; Total Noad add / Ring / Node connect: 2.904E+00 / 1.944E-01 / 7.552E-01 Valid: 2.424E+00 / 1.975E-01 / 7.659E-01
Step:2/5000 -- 45/0 ; Lr: 1.000E-04 ; Total Noad add / Ring / Node connect: 2.892E+00 / 1.931E-01 / 7.551E-01 Valid: 2.405E+00 / 1.883E-01 / 7.395E-01
Step:2/5000 -- 46/0 ; Lr: 1.000E-04 ; Total Noad add / Ring / Node connect: 2.886E+00 / 1.923E-01 / 7.552E-01 Valid: 2.417E+00 / 1.893E-01 / 7.538E-01
Step:2/5000 -- 47/0 ; Lr: 1.000E-04 ; Total Noad add / Ring / Node connect: 2.904E+00 / 1.919E-01 / 7.526E-01 Valid: 2.383E+00 / 1.936E-01 / 7.624E-01
Step:2/5000 -- 48/0 ; Lr: 1.000E-04 ; Total Noad add / Ring / Node connect: 2.925E+00 / 1.938E-01 / 7.560E-01 Valid: 2.460E+00 / 1.879E-01 / 7.473E-01
Step:2/5000 -- 49/0 ; Lr: 1.000E-04 ; Total Noad add / Ring / Node connect: 2.931E+00 / 1.907E-01 / 7.516E-01 Valid: 2.325E+00 / 1.842E-01 / 7.560E-01
Step:2/5000 -- 50/0 ; Lr: 1.000E-04 ; Total Noad add / Ring / Node connect: 2.880E+00 / 1.924E-01 / 7.513E-01 Valid: 2.521E+00 / 1.920E-01 / 7.705E-01
Step:2/5000 -- 51/0 ; Lr: 1.000E-04 ; Total Noad add / Ring / Node connect: 2.860E+00 / 1.938E-01 / 7.519E-01 Valid: 2.275E+00 / 1.867E-01 / 7.541E-01
Step:2/5000 -- 52/0 ; Lr: 1.000E-04 ; Total Noad add / Ring / Node connect: 2.903E+00 / 1.893E-01 / 7.524E-01 Valid: 2.356E+00 / 1.881E-01 / 7.281E-01
Step:2/5000 -- 53/0 ; Lr: 1.000E-04 ; Total Noad add / Ring / Node connect: 2.880E+00 / 1.910E-01 / 7.468E-01 Valid: 2.370E+00 / 2.011E-01 / 7.633E-01
Step:2/5000 -- 54/0 ; Lr: 1.000E-04 ; Total Noad add / Ring / Node connect: 2.925E+00 / 1.946E-01 / 7.561E-01 Valid: 2.441E+00 / 1.862E-01 / 6.938E-01
Step:3/5000 -- 0/0 ; Lr: 1.000E-04 ; Total Noad add / Ring / Node connect: 2.878E+00 / 1.896E-01 / 7.419E-01 Valid: 2.363E+00 / 1.926E-01 / 7.687E-01
Step:3/5000 -- 1/0 ; Lr: 1.000E-04 ; Total Noad add / Ring / Node connect: 2.897E+00 / 1.920E-01 / 7.426E-01 Valid: 2.418E+00 / 1.836E-01 / 7.499E-01
Step:3/5000 -- 2/0 ; Lr: 1.000E-04 ; Total Noad add / Ring / Node connect: 2.930E+00 / 1.925E-01 / 7.452E-01 Valid: 2.382E+00 / 1.828E-01 / 7.298E-01
Step:3/5000 -- 3/0 ; Lr: 1.000E-04 ; Total Noad add / Ring / Node connect: 2.919E+00 / 1.909E-01 / 7.467E-01 Valid: 2.564E+00 / 1.955E-01 / 7.642E-01
Step:3/5000 -- 4/0 ; Lr: 1.000E-04 ; Total Noad add / Ring / Node connect: 2.923E+00 / 1.916E-01 / 7.479E-01 Valid: 2.447E+00 / 1.862E-01 / 7.364E-01
Step:3/5000 -- 5/0 ; Lr: 1.000E-04 ; Total Noad add / Ring / Node connect: 2.937E+00 / 1.930E-01 / 7.468E-01 Valid: 2.404E+00 / 2.025E-01 / 7.634E-01
Step:3/5000 -- 6/0 ; Lr: 1.000E-04 ; Total Noad add / Ring / Node connect: 2.923E+00 / 1.904E-01 / 7.447E-01 Valid: 2.462E+00 / 1.935E-01 / 7.535E-01
Step:3/5000 -- 7/0 ; Lr: 1.000E-04 ; Total Noad add / Ring / Node connect: 2.944E+00 / 1.933E-01 / 7.462E-01 Valid: 2.423E+00 / 1.927E-01 / 7.541E-01
Step:3/5000 -- 8/0 ; Lr: 1.000E-04 ; Total Noad add / Ring / Node connect: 2.941E+00 / 1.907E-01 / 7.406E-01 Valid: 2.465E+00 / 1.888E-01 / 7.405E-01
Step:3/5000 -- 9/0 ; Lr: 1.000E-04 ; Total Noad add / Ring / Node connect: 2.930E+00 / 1.924E-01 / 7.460E-01 Valid: 2.416E+00 / 1.960E-01 / 7.651E-01
Step:3/5000 -- 10/0 ; Lr: 1.000E-04 ; Total Noad add / Ring / Node connect: 2.866E+00 / 1.891E-01 / 7.462E-01 Valid: 2.387E+00 / 1.959E-01 / 7.544E-01
Step:3/5000 -- 11/0 ; Lr: 1.000E-04 ; Total Noad add / Ring / Node connect: 2.884E+00 / 1.907E-01 / 7.387E-01 Valid: 2.377E+00 / 1.948E-01 / 7.725E-01
Step:3/5000 -- 12/0 ; Lr: 1.000E-04 ; Total Noad add / Ring / Node connect: 2.918E+00 / 1.900E-01 / 7.437E-01 Valid: 2.377E+00 / 1.971E-01 / 7.792E-01
Step:3/5000 -- 13/0 ; Lr: 1.000E-04 ; Total Noad add / Ring / Node connect: 2.912E+00 / 1.894E-01 / 7.403E-01 Valid: 2.376E+00 / 1.851E-01 / 7.362E-01
Step:3/5000 -- 14/0 ; Lr: 1.000E-04 ; Total Noad add / Ring / Node connect: 2.890E+00 / 1.894E-01 / 7.341E-01 Valid: 2.266E+00 / 1.893E-01 / 7.408E-01
Step:3/5000 -- 15/0 ; Lr: 1.000E-04 ; Total Noad add / Ring / Node connect: 2.933E+00 / 1.901E-01 / 7.457E-01 Valid: 2.454E+00 / 1.988E-01 / 7.539E-01
Step:3/5000 -- 16/0 ; Lr: 1.000E-04 ; Total Noad add / Ring / Node connect: 2.892E+00 / 1.897E-01 / 7.419E-01 Valid: 2.466E+00 / 1.960E-01 / 7.383E-01
Step:3/5000 -- 17/0 ; Lr: 1.000E-04 ; Total Noad add / Ring / Node connect: 2.893E+00 / 1.910E-01 / 7.433E-01 Valid: 2.483E+00 / 1.923E-01 / 7.319E-01
Step:3/5000 -- 18/0 ; Lr: 1.000E-04 ; Total Noad add / Ring / Node connect: 2.902E+00 / 1.901E-01 / 7.394E-01 Valid: 2.513E+00 / 1.831E-01 / 7.351E-01
Step:3/5000 -- 19/0 ; Lr: 1.000E-04 ; Total Noad add / Ring / Node connect: 2.913E+00 / 1.886E-01 / 7.434E-01 Valid: 2.457E+00 / 1.818E-01 / 7.277E-01
Step:3/5000 -- 20/0 ; Lr: 1.000E-04 ; Total Noad add / Ring / Node connect: 2.900E+00 / 1.903E-01 / 7.354E-01 Valid: 2.362E+00 / 1.928E-01 / 7.354E-01
Step:3/5000 -- 21/0 ; Lr: 1.000E-04 ; Total Noad add / Ring / Node connect: 2.916E+00 / 1.898E-01 / 7.322E-01 Valid: 2.407E+00 / 1.864E-01 / 7.350E-01
Step:3/5000 -- 22/0 ; Lr: 1.000E-04 ; Total Noad add / Ring / Node connect: 2.898E+00 / 1.886E-01 / 7.330E-01 Valid: 2.435E+00 / 1.961E-01 / 7.421E-01
Step:3/5000 -- 23/0 ; Lr: 1.000E-04 ; Total Noad add / Ring / Node connect: 3.351E+00 / 1.901E-01 / 7.338E-01 Valid: 2.420E+00 / 1.974E-01 / 7.354E-01
Step:3/5000 -- 24/0 ; Lr: 1.000E-04 ; Total Noad add / Ring / Node connect: 2.904E+00 / 1.875E-01 / 7.325E-01 Valid: 2.413E+00 / 1.870E-01 / 7.360E-01
Step:3/5000 -- 25/0 ; Lr: 1.000E-04 ; Total Noad add / Ring / Node connect: 2.909E+00 / 1.889E-01 / 7.362E-01 Valid: 2.343E+00 / 1.884E-01 / 7.443E-01
Step:3/5000 -- 26/0 ; Lr: 1.000E-04 ; Total Noad add / Ring / Node connect: 2.901E+00 / 1.908E-01 / 7.374E-01 Valid: 2.369E+00 / 1.864E-01 / 7.296E-01
Step:3/5000 -- 27/0 ; Lr: 1.000E-04 ; Total Noad add / Ring / Node connect: 2.946E+00 / 1.891E-01 / 7.345E-01 Valid: 2.361E+00 / 1.861E-01 / 7.220E-01
Step:3/5000 -- 28/0 ; Lr: 1.000E-04 ; Total Noad add / Ring / Node connect: 2.883E+00 / 1.881E-01 / 7.335E-01 Valid: 2.315E+00 / 1.933E-01 / 7.289E-01
Step:3/5000 -- 29/0 ; Lr: 1.000E-04 ; Total Noad add / Ring / Node connect: 2.884E+00 / 1.883E-01 / 7.342E-01 Valid: 2.275E+00 / 1.936E-01 / 7.458E-01
Step:3/5000 -- 30/0 ; Lr: 1.000E-04 ; Total Noad add / Ring / Node connect: 2.947E+00 / 1.905E-01 / 7.346E-01 Valid: 2.423E+00 / 1.895E-01 / 7.335E-01
Step:3/5000 -- 31/0 ; Lr: 1.000E-04 ; Total Noad add / Ring / Node connect: 4.603E+00 / 1.877E-01 / 7.335E-01 Valid: 2.292E+00 / 1.974E-01 / 7.313E-01
Step:3/5000 -- 32/0 ; Lr: 1.000E-04 ; Total Noad add / Ring / Node connect: 3.032E+00 / 1.878E-01 / 7.307E-01 Valid: 2.350E+00 / 1.879E-01 / 7.160E-01
Step:3/5000 -- 33/0 ; Lr: 1.000E-04 ; Total Noad add / Ring / Node connect: 2.880E+00 / 1.883E-01 / 7.308E-01 Valid: 2.283E+00 / 1.854E-01 / 7.412E-01
Step:3/5000 -- 34/0 ; Lr: 1.000E-04 ; Total Noad add / Ring / Node connect: 2.921E+00 / 1.893E-01 / 7.369E-01 Valid: 2.291E+00 / 1.811E-01 / 7.509E-01
Step:3/5000 -- 35/0 ; Lr: 1.000E-04 ; Total Noad add / Ring / Node connect: 2.858E+00 / 1.888E-01 / 7.324E-01 Valid: 2.344E+00 / 1.898E-01 / 7.396E-01
Step:3/5000 -- 36/0 ; Lr: 1.000E-04 ; Total Noad add / Ring / Node connect: 2.863E+00 / 1.895E-01 / 7.371E-01 Valid: 2.456E+00 / 1.870E-01 / 7.188E-01
Step:3/5000 -- 37/0 ; Lr: 1.000E-04 ; Total Noad add / Ring / Node connect: 2.884E+00 / 1.864E-01 / 7.329E-01 Valid: 2.371E+00 / 1.836E-01 / 7.216E-01
Step:3/5000 -- 38/0 ; Lr: 1.000E-04 ; Total Noad add / Ring / Node connect: 2.966E+00 / 1.882E-01 / 7.273E-01 Valid: 2.456E+00 / 1.851E-01 / 7.169E-01
Step:3/5000 -- 39/0 ; Lr: 1.000E-04 ; Total Noad add / Ring / Node connect: 2.886E+00 / 1.863E-01 / 7.248E-01 Valid: 2.440E+00 / 1.913E-01 / 7.286E-01
Step:3/5000 -- 40/0 ; Lr: 1.000E-04 ; Total Noad add / Ring / Node connect: 2.914E+00 / 1.881E-01 / 7.255E-01 Valid: 2.371E+00 / 1.848E-01 / 7.294E-01
Step:3/5000 -- 41/0 ; Lr: 1.000E-04 ; Total Noad add / Ring / Node connect: 2.848E+00 / 1.870E-01 / 7.286E-01 Valid: 2.391E+00 / 1.875E-01 / 7.397E-01
Step:3/5000 -- 42/0 ; Lr: 1.000E-04 ; Total Noad add / Ring / Node connect: 2.867E+00 / 1.863E-01 / 7.318E-01 Valid: 2.369E+00 / 1.886E-01 / 7.477E-01
Step:3/5000 -- 43/0 ; Lr: 1.000E-04 ; Total Noad add / Ring / Node connect: 2.829E+00 / 1.873E-01 / 7.273E-01 Valid: 2.491E+00 / 1.922E-01 / 7.524E-01
Step:3/5000 -- 44/0 ; Lr: 1.000E-04 ; Total Noad add / Ring / Node connect: 2.843E+00 / 1.890E-01 / 7.285E-01 Valid: 2.465E+00 / 1.951E-01 / 7.495E-01
Step:3/5000 -- 45/0 ; Lr: 1.000E-04 ; Total Noad add / Ring / Node connect: 2.828E+00 / 1.876E-01 / 7.273E-01 Valid: 2.327E+00 / 1.844E-01 / 7.338E-01
Step:3/5000 -- 46/0 ; Lr: 1.000E-04 ; Total Noad add / Ring / Node connect: 2.851E+00 / 1.870E-01 / 7.320E-01 Valid: 2.373E+00 / 1.858E-01 / 7.531E-01
Step:3/5000 -- 47/0 ; Lr: 1.000E-04 ; Total Noad add / Ring / Node connect: 2.869E+00 / 1.869E-01 / 7.279E-01 Valid: 2.354E+00 / 1.858E-01 / 7.236E-01
Step:3/5000 -- 48/0 ; Lr: 1.000E-04 ; Total Noad add / Ring / Node connect: 2.893E+00 / 1.875E-01 / 7.339E-01 Valid: 2.463E+00 / 1.844E-01 / 7.235E-01
Step:3/5000 -- 49/0 ; Lr: 1.000E-04 ; Total Noad add / Ring / Node connect: 2.901E+00 / 1.860E-01 / 7.244E-01 Valid: 2.306E+00 / 1.846E-01 / 7.422E-01
Step:3/5000 -- 50/0 ; Lr: 1.000E-04 ; Total Noad add / Ring / Node connect: 2.840E+00 / 1.866E-01 / 7.295E-01 Valid: 2.383E+00 / 1.954E-01 / 7.504E-01
Step:3/5000 -- 51/0 ; Lr: 1.000E-04 ; Total Noad add / Ring / Node connect: 2.844E+00 / 1.883E-01 / 7.294E-01 Valid: 2.184E+00 / 1.760E-01 / 7.179E-01
Step:3/5000 -- 52/0 ; Lr: 1.000E-04 ; Total Noad add / Ring / Node connect: 2.846E+00 / 1.848E-01 / 7.310E-01 Valid: 2.316E+00 / 1.840E-01 / 7.307E-01
Step:3/5000 -- 53/0 ; Lr: 1.000E-04 ; Total Noad add / Ring / Node connect: 2.849E+00 / 1.862E-01 / 7.215E-01 Valid: 2.257E+00 / 1.925E-01 / 7.310E-01
Step:3/5000 -- 54/0 ; Lr: 1.000E-04 ; Total Noad add / Ring / Node connect: 2.899E+00 / 1.916E-01 / 7.283E-01 Valid: 2.466E+00 / 1.784E-01 / 6.860E-01
Step:4/5000 -- 0/0 ; Lr: 1.000E-04 ; Total Noad add / Ring / Node connect: 2.845E+00 / 1.853E-01 / 7.242E-01 Valid: 2.396E+00 / 1.876E-01 / 7.480E-01
Step:4/5000 -- 1/0 ; Lr: 1.000E-04 ; Total Noad add / Ring / Node connect: 2.879E+00 / 1.868E-01 / 7.203E-01 Valid: 2.424E+00 / 1.814E-01 / 7.163E-01
Step:4/5000 -- 2/0 ; Lr: 1.000E-04 ; Total Noad add / Ring / Node connect: 2.909E+00 / 1.866E-01 / 7.253E-01 Valid: 2.400E+00 / 1.821E-01 / 7.260E-01
Step:4/5000 -- 3/0 ; Lr: 1.000E-04 ; Total Noad add / Ring / Node connect: 2.926E+00 / 1.854E-01 / 7.237E-01 Valid: 2.439E+00 / 1.902E-01 / 7.285E-01
Step:4/5000 -- 4/0 ; Lr: 1.000E-04 ; Total Noad add / Ring / Node connect: 2.884E+00 / 1.867E-01 / 7.270E-01 Valid: 2.443E+00 / 1.795E-01 / 7.360E-01
Step:4/5000 -- 5/0 ; Lr: 1.000E-04 ; Total Noad add / Ring / Node connect: 2.878E+00 / 1.876E-01 / 7.229E-01 Valid: 2.318E+00 / 1.993E-01 / 7.130E-01
Step:4/5000 -- 6/0 ; Lr: 1.000E-04 ; Total Noad add / Ring / Node connect: 2.871E+00 / 1.865E-01 / 7.218E-01 Valid: 2.320E+00 / 1.898E-01 / 7.373E-01
Step:4/5000 -- 7/0 ; Lr: 1.000E-04 ; Total Noad add / Ring / Node connect: 2.878E+00 / 1.882E-01 / 7.261E-01 Valid: 2.408E+00 / 1.890E-01 / 7.362E-01
Step:4/5000 -- 8/0 ; Lr: 1.000E-04 ; Total Noad add / Ring / Node connect: 2.854E+00 / 1.872E-01 / 7.183E-01 Valid: 2.373E+00 / 1.937E-01 / 7.240E-01
Step:4/5000 -- 9/0 ; Lr: 1.000E-04 ; Total Noad add / Ring / Node connect: 2.866E+00 / 1.875E-01 / 7.263E-01 Valid: 2.379E+00 / 1.903E-01 / 7.486E-01
Step:4/5000 -- 10/0 ; Lr: 1.000E-04 ; Total Noad add / Ring / Node connect: 2.853E+00 / 1.854E-01 / 7.270E-01 Valid: 2.391E+00 / 1.981E-01 / 7.559E-01
Step:4/5000 -- 11/0 ; Lr: 1.000E-04 ; Total Noad add / Ring / Node connect: 2.829E+00 / 1.844E-01 / 7.201E-01 Valid: 2.392E+00 / 1.884E-01 / 7.331E-01
Step:4/5000 -- 12/0 ; Lr: 1.000E-04 ; Total Noad add / Ring / Node connect: 2.830E+00 / 1.852E-01 / 7.216E-01 Valid: 2.400E+00 / 1.940E-01 / 7.331E-01
Step:4/5000 -- 13/0 ; Lr: 1.000E-04 ; Total Noad add / Ring / Node connect: 2.854E+00 / 1.844E-01 / 7.197E-01 Valid: 2.368E+00 / 1.794E-01 / 7.165E-01
Step:4/5000 -- 14/0 ; Lr: 1.000E-04 ; Total Noad add / Ring / Node connect: 2.838E+00 / 1.846E-01 / 7.162E-01 Valid: 2.214E+00 / 1.810E-01 / 7.326E-01
Step:4/5000 -- 15/0 ; Lr: 1.000E-04 ; Total Noad add / Ring / Node connect: 2.929E+00 / 1.856E-01 / 7.222E-01 Valid: 2.410E+00 / 1.888E-01 / 7.450E-01
Step:4/5000 -- 16/0 ; Lr: 1.000E-04 ; Total Noad add / Ring / Node connect: 2.843E+00 / 1.850E-01 / 7.233E-01 Valid: 2.338E+00 / 1.852E-01 / 7.459E-01
Step:4/5000 -- 17/0 ; Lr: 1.000E-04 ; Total Noad add / Ring / Node connect: 2.839E+00 / 1.853E-01 / 7.159E-01 Valid: 2.280E+00 / 1.898E-01 / 7.338E-01
Step:4/5000 -- 18/0 ; Lr: 1.000E-04 ; Total Noad add / Ring / Node connect: 2.859E+00 / 1.853E-01 / 7.211E-01 Valid: 2.437E+00 / 1.821E-01 / 6.986E-01
Step:4/5000 -- 19/0 ; Lr: 1.000E-04 ; Total Noad add / Ring / Node connect: 2.873E+00 / 1.857E-01 / 7.281E-01 Valid: 2.378E+00 / 1.807E-01 / 7.240E-01
Step:4/5000 -- 20/0 ; Lr: 1.000E-04 ; Total Noad add / Ring / Node connect: 2.945E+00 / 1.858E-01 / 7.170E-01 Valid: 2.301E+00 / 1.881E-01 / 7.067E-01
Step:4/5000 -- 21/0 ; Lr: 1.000E-04 ; Total Noad add / Ring / Node connect: 2.863E+00 / 1.840E-01 / 7.116E-01 Valid: 2.336E+00 / 1.856E-01 / 7.175E-01
Step:4/5000 -- 22/0 ; Lr: 1.000E-04 ; Total Noad add / Ring / Node connect: 2.892E+00 / 1.841E-01 / 7.141E-01 Valid: 2.403E+00 / 1.845E-01 / 7.126E-01
Step:4/5000 -- 23/0 ; Lr: 1.000E-04 ; Total Noad add / Ring / Node connect: 2.874E+00 / 1.845E-01 / 7.141E-01 Valid: 2.414E+00 / 1.952E-01 / 7.178E-01
Step:4/5000 -- 24/0 ; Lr: 1.000E-04 ; Total Noad add / Ring / Node connect: 2.833E+00 / 1.836E-01 / 7.119E-01 Valid: 2.343E+00 / 1.855E-01 / 7.140E-01
Step:4/5000 -- 25/0 ; Lr: 1.000E-04 ; Total Noad add / Ring / Node connect: 2.872E+00 / 1.848E-01 / 7.196E-01 Valid: 2.346E+00 / 1.815E-01 / 7.228E-01
Step:4/5000 -- 26/0 ; Lr: 1.000E-04 ; Total Noad add / Ring / Node connect: 2.839E+00 / 1.862E-01 / 7.159E-01 Valid: 2.289E+00 / 1.812E-01 / 7.036E-01
Step:4/5000 -- 27/0 ; Lr: 1.000E-04 ; Total Noad add / Ring / Node connect: 2.856E+00 / 1.848E-01 / 7.140E-01 Valid: 2.306E+00 / 1.805E-01 / 7.024E-01
Step:4/5000 -- 28/0 ; Lr: 1.000E-04 ; Total Noad add / Ring / Node connect: 2.827E+00 / 1.846E-01 / 7.169E-01 Valid: 2.354E+00 / 1.879E-01 / 7.113E-01
Step:4/5000 -- 29/0 ; Lr: 1.000E-04 ; Total Noad add / Ring / Node connect: 2.817E+00 / 1.840E-01 / 7.198E-01 Valid: 2.318E+00 / 1.889E-01 / 7.391E-01
Step:4/5000 -- 30/0 ; Lr: 1.000E-04 ; Total Noad add / Ring / Node connect: 2.868E+00 / 1.858E-01 / 7.170E-01 Valid: 2.324E+00 / 1.872E-01 / 7.106E-01
Step:4/5000 -- 31/0 ; Lr: 1.000E-04 ; Total Noad add / Ring / Node connect: 2.906E+00 / 1.838E-01 / 7.123E-01 Valid: 2.301E+00 / 1.873E-01 / 7.071E-01
Step:4/5000 -- 32/0 ; Lr: 1.000E-04 ; Total Noad add / Ring / Node connect: 2.922E+00 / 1.837E-01 / 7.128E-01 Valid: 2.363E+00 / 1.824E-01 / 7.080E-01
Step:4/5000 -- 33/0 ; Lr: 1.000E-04 ; Total Noad add / Ring / Node connect: 2.830E+00 / 1.854E-01 / 7.156E-01 Valid: 2.328E+00 / 1.785E-01 / 7.218E-01
Step:4/5000 -- 34/0 ; Lr: 1.000E-04 ; Total Noad add / Ring / Node connect: 2.851E+00 / 1.847E-01 / 7.177E-01 Valid: 2.310E+00 / 1.819E-01 / 7.348E-01
Step:4/5000 -- 35/0 ; Lr: 1.000E-04 ; Total Noad add / Ring / Node connect: 2.819E+00 / 1.838E-01 / 7.168E-01 Valid: 2.347E+00 / 1.846E-01 / 7.525E-01
Step:4/5000 -- 36/0 ; Lr: 1.000E-04 ; Total Noad add / Ring / Node connect: 2.869E+00 / 1.855E-01 / 7.220E-01 Valid: 2.333E+00 / 1.845E-01 / 7.084E-01
Step:4/5000 -- 37/0 ; Lr: 1.000E-04 ; Total Noad add / Ring / Node connect: 2.895E+00 / 1.823E-01 / 7.150E-01 Valid: 2.238E+00 / 1.749E-01 / 7.088E-01
Step:4/5000 -- 38/0 ; Lr: 1.000E-04 ; Total Noad add / Ring / Node connect: 2.821E+00 / 1.840E-01 / 7.125E-01 Valid: 2.410E+00 / 1.874E-01 / 7.138E-01
Step:4/5000 -- 39/0 ; Lr: 1.000E-04 ; Total Noad add / Ring / Node connect: 2.821E+00 / 1.820E-01 / 7.118E-01 Valid: 2.304E+00 / 1.953E-01 / 7.182E-01
Step:4/5000 -- 40/0 ; Lr: 1.000E-04 ; Total Noad add / Ring / Node connect: 2.876E+00 / 1.840E-01 / 7.136E-01 Valid: 2.411E+00 / 1.814E-01 / 7.073E-01
Step:4/5000 -- 41/0 ; Lr: 1.000E-04 ; Total Noad add / Ring / Node connect: 2.797E+00 / 1.832E-01 / 7.080E-01 Valid: 2.316E+00 / 1.788E-01 / 7.108E-01
Step:4/5000 -- 42/0 ; Lr: 1.000E-04 ; Total Noad add / Ring / Node connect: 2.826E+00 / 1.831E-01 / 7.147E-01 Valid: 2.377E+00 / 1.828E-01 / 7.122E-01
Step:4/5000 -- 43/0 ; Lr: 1.000E-04 ; Total Noad add / Ring / Node connect: 2.794E+00 / 1.833E-01 / 7.126E-01 Valid: 2.349E+00 / 1.839E-01 / 7.229E-01
Step:4/5000 -- 44/0 ; Lr: 1.000E-04 ; Total Noad add / Ring / Node connect: 2.799E+00 / 1.856E-01 / 7.090E-01 Valid: 2.363E+00 / 1.849E-01 / 7.234E-01
Step:4/5000 -- 45/0 ; Lr: 1.000E-04 ; Total Noad add / Ring / Node connect: 2.825E+00 / 1.837E-01 / 7.100E-01 Valid: 2.229E+00 / 1.850E-01 / 7.126E-01
Step:4/5000 -- 46/0 ; Lr: 1.000E-04 ; Total Noad add / Ring / Node connect: 2.778E+00 / 1.829E-01 / 7.121E-01 Valid: 2.315E+00 / 1.847E-01 / 7.251E-01
Step:4/5000 -- 47/0 ; Lr: 1.000E-04 ; Total Noad add / Ring / Node connect: 2.807E+00 / 1.826E-01 / 7.118E-01 Valid: 2.299E+00 / 1.829E-01 / 7.003E-01
Step:4/5000 -- 48/0 ; Lr: 1.000E-04 ; Total Noad add / Ring / Node connect: 2.861E+00 / 1.839E-01 / 7.127E-01 Valid: 2.453E+00 / 1.794E-01 / 7.250E-01
Step:4/5000 -- 49/0 ; Lr: 1.000E-04 ; Total Noad add / Ring / Node connect: 2.900E+00 / 1.829E-01 / 7.103E-01 Valid: 2.250E+00 / 1.782E-01 / 7.196E-01
Step:4/5000 -- 50/0 ; Lr: 1.000E-04 ; Total Noad add / Ring / Node connect: 2.838E+00 / 1.825E-01 / 7.095E-01 Valid: 2.276E+00 / 1.932E-01 / 7.184E-01
Step:4/5000 -- 51/0 ; Lr: 1.000E-04 ; Total Noad add / Ring / Node connect: 2.816E+00 / 1.837E-01 / 7.121E-01 Valid: 2.216E+00 / 1.719E-01 / 7.088E-01
Step:4/5000 -- 52/0 ; Lr: 1.000E-04 ; Total Noad add / Ring / Node connect: 2.820E+00 / 1.821E-01 / 7.153E-01 Valid: 2.274E+00 / 1.789E-01 / 6.984E-01
Step:4/5000 -- 53/0 ; Lr: 1.000E-04 ; Total Noad add / Ring / Node connect: 2.805E+00 / 1.825E-01 / 7.068E-01 Valid: 2.387E+00 / 1.893E-01 / 7.221E-01
Step:4/5000 -- 54/0 ; Lr: 1.000E-04 ; Total Noad add / Ring / Node connect: 2.848E+00 / 1.878E-01 / 7.194E-01 Valid: 2.495E+00 / 1.858E-01 / 6.786E-01
Step:5/5000 -- 0/0 ; Lr: 1.000E-04 ; Total Noad add / Ring / Node connect: 2.809E+00 / 1.818E-01 / 7.049E-01 Valid: 2.249E+00 / 1.861E-01 / 7.378E-01
Step:5/5000 -- 1/0 ; Lr: 1.000E-04 ; Total Noad add / Ring / Node connect: 2.880E+00 / 1.833E-01 / 7.048E-01 Valid: 2.316E+00 / 1.765E-01 / 7.122E-01
Step:5/5000 -- 2/0 ; Lr: 1.000E-04 ; Total Noad add / Ring / Node connect: 2.891E+00 / 1.833E-01 / 7.098E-01 Valid: 2.396E+00 / 1.809E-01 / 6.941E-01
Step:5/5000 -- 3/0 ; Lr: 1.000E-04 ; Total Noad add / Ring / Node connect: 2.825E+00 / 1.819E-01 / 7.062E-01 Valid: 2.443E+00 / 1.894E-01 / 7.096E-01
Step:5/5000 -- 4/0 ; Lr: 1.000E-04 ; Total Noad add / Ring / Node connect: 2.840E+00 / 1.831E-01 / 7.112E-01 Valid: 2.435E+00 / 1.832E-01 / 7.095E-01
Step:5/5000 -- 5/0 ; Lr: 1.000E-04 ; Total Noad add / Ring / Node connect: 2.851E+00 / 1.840E-01 / 7.072E-01 Valid: 2.272E+00 / 1.909E-01 / 7.097E-01
Step:5/5000 -- 6/0 ; Lr: 1.000E-04 ; Total Noad add / Ring / Node connect: 2.844E+00 / 1.817E-01 / 7.068E-01 Valid: 2.248E+00 / 1.850E-01 / 7.294E-01
Step:5/5000 -- 7/0 ; Lr: 1.000E-04 ; Total Noad add / Ring / Node connect: 2.832E+00 / 1.840E-01 / 7.079E-01 Valid: 2.323E+00 / 1.845E-01 / 7.215E-01
Step:5/5000 -- 8/0 ; Lr: 1.000E-04 ; Total Noad add / Ring / Node connect: 2.856E+00 / 1.822E-01 / 7.034E-01 Valid: 2.362E+00 / 1.883E-01 / 7.016E-01
Step:5/5000 -- 9/0 ; Lr: 1.000E-04 ; Total Noad add / Ring / Node connect: 3.181E+00 / 1.843E-01 / 7.107E-01 Valid: 2.398E+00 / 1.864E-01 / 7.370E-01
Step:5/5000 -- 10/0 ; Lr: 1.000E-04 ; Total Noad add / Ring / Node connect: 2.807E+00 / 1.820E-01 / 7.094E-01 Valid: 2.278E+00 / 1.890E-01 / 7.246E-01
Step:5/5000 -- 11/0 ; Lr: 1.000E-04 ; Total Noad add / Ring / Node connect: 2.796E+00 / 1.807E-01 / 7.017E-01 Valid: 2.385E+00 / 1.902E-01 / 7.303E-01
Step:5/5000 -- 12/0 ; Lr: 1.000E-04 ; Total Noad add / Ring / Node connect: 2.794E+00 / 1.817E-01 / 7.070E-01 Valid: 2.325E+00 / 1.912E-01 / 7.376E-01
Step:5/5000 -- 13/0 ; Lr: 1.000E-04 ; Total Noad add / Ring / Node connect: 2.946E+00 / 1.808E-01 / 6.979E-01 Valid: 2.260E+00 / 1.773E-01 / 7.142E-01
Step:5/5000 -- 14/0 ; Lr: 1.000E-04 ; Total Noad add / Ring / Node connect: 2.792E+00 / 1.810E-01 / 6.988E-01 Valid: 2.214E+00 / 1.804E-01 / 7.210E-01
Step:5/5000 -- 15/0 ; Lr: 1.000E-04 ; Total Noad add / Ring / Node connect: 2.860E+00 / 1.825E-01 / 7.069E-01 Valid: 2.406E+00 / 1.852E-01 / 7.300E-01
Step:5/5000 -- 16/0 ; Lr: 1.000E-04 ; Total Noad add / Ring / Node connect: 2.881E+00 / 1.822E-01 / 7.045E-01 Valid: 2.295E+00 / 1.844E-01 / 7.143E-01
Step:5/5000 -- 17/0 ; Lr: 1.000E-04 ; Total Noad add / Ring / Node connect: 3.035E+00 / 1.826E-01 / 7.008E-01 Valid: 2.409E+00 / 1.851E-01 / 7.136E-01
Step:5/5000 -- 18/0 ; Lr: 1.000E-04 ; Total Noad add / Ring / Node connect: 2.920E+00 / 1.816E-01 / 7.064E-01 Valid: 2.353E+00 / 1.765E-01 / 7.088E-01
Step:5/5000 -- 19/0 ; Lr: 1.000E-04 ; Total Noad add / Ring / Node connect: 2.824E+00 / 1.810E-01 / 7.066E-01 Valid: 2.461E+00 / 1.753E-01 / 6.992E-01
Step:5/5000 -- 20/0 ; Lr: 1.000E-04 ; Total Noad add / Ring / Node connect: 2.894E+00 / 1.822E-01 / 7.004E-01 Valid: 2.404E+00 / 1.844E-01 / 6.993E-01
Step:5/5000 -- 21/0 ; Lr: 1.000E-04 ; Total Noad add / Ring / Node connect: 2.809E+00 / 1.818E-01 / 6.970E-01 Valid: 2.347E+00 / 1.827E-01 / 6.998E-01
Step:5/5000 -- 22/0 ; Lr: 1.000E-04 ; Total Noad add / Ring / Node connect: 2.805E+00 / 1.811E-01 / 6.973E-01 Valid: 2.347E+00 / 1.821E-01 / 7.080E-01
Step:5/5000 -- 23/0 ; Lr: 1.000E-04 ; Total Noad add / Ring / Node connect: 2.826E+00 / 1.809E-01 / 6.997E-01 Valid: 2.435E+00 / 1.909E-01 / 6.998E-01
Step:5/5000 -- 24/0 ; Lr: 1.000E-04 ; Total Noad add / Ring / Node connect: 2.839E+00 / 1.807E-01 / 6.970E-01 Valid: 2.290E+00 / 1.795E-01 / 6.836E-01
Step:5/5000 -- 25/0 ; Lr: 1.000E-04 ; Total Noad add / Ring / Node connect: 2.855E+00 / 1.808E-01 / 7.025E-01 Valid: 2.396E+00 / 1.825E-01 / 7.045E-01
Step:5/5000 -- 26/0 ; Lr: 1.000E-04 ; Total Noad add / Ring / Node connect: 2.820E+00 / 1.820E-01 / 6.992E-01 Valid: 2.268E+00 / 1.775E-01 / 6.995E-01
Step:5/5000 -- 27/0 ; Lr: 1.000E-04 ; Total Noad add / Ring / Node connect: 2.863E+00 / 1.808E-01 / 7.040E-01 Valid: 2.243E+00 / 1.779E-01 / 6.840E-01
Step:5/5000 -- 28/0 ; Lr: 1.000E-04 ; Total Noad add / Ring / Node connect: 2.819E+00 / 1.815E-01 / 7.004E-01 Valid: 2.347E+00 / 1.805E-01 / 6.975E-01
Step:5/5000 -- 29/0 ; Lr: 1.000E-04 ; Total Noad add / Ring / Node connect: 2.820E+00 / 1.806E-01 / 7.028E-01 Valid: 2.268E+00 / 1.833E-01 / 7.191E-01
Step:5/5000 -- 30/0 ; Lr: 1.000E-04 ; Total Noad add / Ring / Node connect: 2.862E+00 / 1.825E-01 / 7.030E-01 Valid: 2.224E+00 / 1.902E-01 / 7.202E-01
Step:5/5000 -- 31/0 ; Lr: 1.000E-04 ; Total Noad add / Ring / Node connect: 2.856E+00 / 1.806E-01 / 7.017E-01 Valid: 2.263E+00 / 1.920E-01 / 6.927E-01
Step:5/5000 -- 32/0 ; Lr: 1.000E-04 ; Total Noad add / Ring / Node connect: 2.891E+00 / 1.811E-01 / 7.002E-01 Valid: 2.209E+00 / 1.778E-01 / 6.827E-01
Step:5/5000 -- 33/0 ; Lr: 1.000E-04 ; Total Noad add / Ring / Node connect: 2.910E+00 / 1.815E-01 / 7.009E-01 Valid: 2.335E+00 / 1.764E-01 / 7.157E-01
Step:5/5000 -- 34/0 ; Lr: 1.000E-04 ; Total Noad add / Ring / Node connect: 2.890E+00 / 1.822E-01 / 7.035E-01 Valid: 2.229E+00 / 1.776E-01 / 7.080E-01
Step:5/5000 -- 35/0 ; Lr: 1.000E-04 ; Total Noad add / Ring / Node connect: 2.802E+00 / 1.809E-01 / 7.017E-01 Valid: 2.314E+00 / 1.880E-01 / 7.163E-01
Step:5/5000 -- 36/0 ; Lr: 1.000E-04 ; Total Noad add / Ring / Node connect: 2.806E+00 / 1.827E-01 / 6.996E-01 Valid: 2.495E+00 / 1.809E-01 / 6.959E-01
Step:5/5000 -- 37/0 ; Lr: 1.000E-04 ; Total Noad add / Ring / Node connect: 2.877E+00 / 1.787E-01 / 6.998E-01 Valid: 2.272E+00 / 1.767E-01 / 6.825E-01
Step:5/5000 -- 38/0 ; Lr: 1.000E-04 ; Total Noad add / Ring / Node connect: 2.812E+00 / 1.807E-01 / 7.023E-01 Valid: 2.370E+00 / 1.830E-01 / 7.073E-01
Step:5/5000 -- 39/0 ; Lr: 1.000E-04 ; Total Noad add / Ring / Node connect: 2.835E+00 / 1.791E-01 / 6.954E-01 Valid: 2.321E+00 / 1.918E-01 / 7.235E-01
Step:5/5000 -- 40/0 ; Lr: 1.000E-04 ; Total Noad add / Ring / Node connect: 2.834E+00 / 1.807E-01 / 6.981E-01 Valid: 2.325E+00 / 1.737E-01 / 7.058E-01
Step:5/5000 -- 41/0 ; Lr: 1.000E-04 ; Total Noad add / Ring / Node connect: 2.788E+00 / 1.800E-01 / 7.009E-01 Valid: 2.451E+00 / 1.830E-01 / 7.003E-01
Step:5/5000 -- 42/0 ; Lr: 1.000E-04 ; Total Noad add / Ring / Node connect: 2.816E+00 / 1.797E-01 / 7.027E-01 Valid: 2.321E+00 / 1.815E-01 / 7.019E-01
Step:5/5000 -- 43/0 ; Lr: 1.000E-04 ; Total Noad add / Ring / Node connect: 2.794E+00 / 1.804E-01 / 6.982E-01 Valid: 2.458E+00 / 1.822E-01 / 7.150E-01
Step:5/5000 -- 44/0 ; Lr: 1.000E-04 ; Total Noad add / Ring / Node connect: 2.791E+00 / 1.813E-01 / 6.970E-01 Valid: 2.390E+00 / 1.827E-01 / 7.029E-01
Step:5/5000 -- 45/0 ; Lr: 1.000E-04 ; Total Noad add / Ring / Node connect: 2.758E+00 / 1.801E-01 / 6.972E-01 Valid: 2.171E+00 / 1.784E-01 / 7.048E-01
Step:5/5000 -- 46/0 ; Lr: 1.000E-04 ; Total Noad add / Ring / Node connect: 2.769E+00 / 1.791E-01 / 6.977E-01 Valid: 2.335E+00 / 1.802E-01 / 7.206E-01
Step:5/5000 -- 47/0 ; Lr: 1.000E-04 ; Total Noad add / Ring / Node connect: 2.839E+00 / 1.798E-01 / 7.009E-01 Valid: 2.321E+00 / 1.796E-01 / 7.016E-01
Step:5/5000 -- 48/0 ; Lr: 1.000E-04 ; Total Noad add / Ring / Node connect: 2.854E+00 / 1.813E-01 / 7.013E-01 Valid: 2.345E+00 / 1.764E-01 / 7.084E-01
Step:5/5000 -- 49/0 ; Lr: 1.000E-04 ; Total Noad add / Ring / Node connect: 2.904E+00 / 1.792E-01 / 6.945E-01 Valid: 2.277E+00 / 1.807E-01 / 7.087E-01
Step:5/5000 -- 50/0 ; Lr: 1.000E-04 ; Total Noad add / Ring / Node connect: 2.855E+00 / 1.799E-01 / 7.012E-01 Valid: 2.311E+00 / 1.812E-01 / 7.204E-01
Step:5/5000 -- 51/0 ; Lr: 1.000E-04 ; Total Noad add / Ring / Node connect: 2.869E+00 / 1.815E-01 / 7.000E-01 Valid: 2.151E+00 / 1.710E-01 / 6.965E-01
Step:5/5000 -- 52/0 ; Lr: 1.000E-04 ; Total Noad add / Ring / Node connect: 2.813E+00 / 1.782E-01 / 7.015E-01 Valid: 2.221E+00 / 1.814E-01 / 7.059E-01
Step:5/5000 -- 53/0 ; Lr: 1.000E-04 ; Total Noad add / Ring / Node connect: 2.843E+00 / 1.802E-01 / 6.969E-01 Valid: 2.255E+00 / 1.836E-01 / 7.084E-01
Step:5/5000 -- 54/0 ; Lr: 1.000E-04 ; Total Noad add / Ring / Node connect: 2.887E+00 / 1.856E-01 / 6.989E-01 Valid: 2.418E+00 / 1.876E-01 / 6.516E-01
Step:6/5000 -- 0/0 ; Lr: 1.000E-04 ; Total Noad add / Ring / Node connect: 2.812E+00 / 1.786E-01 / 6.947E-01 Valid: 2.309E+00 / 1.793E-01 / 7.237E-01
Step:6/5000 -- 1/0 ; Lr: 1.000E-04 ; Total Noad add / Ring / Node connect: 2.875E+00 / 1.807E-01 / 6.918E-01 Valid: 2.272E+00 / 1.731E-01 / 6.856E-01
Step:6/5000 -- 2/0 ; Lr: 1.000E-04 ; Total Noad add / Ring / Node connect: 2.870E+00 / 1.807E-01 / 6.961E-01 Valid: 2.473E+00 / 1.749E-01 / 7.100E-01
Step:6/5000 -- 3/0 ; Lr: 1.000E-04 ; Total Noad add / Ring / Node connect: 2.802E+00 / 1.790E-01 / 6.940E-01 Valid: 2.296E+00 / 1.824E-01 / 6.981E-01
